<?xml version="1.0" encoding="UTF-8"?>
<!-- Generated by org.testng.reporters.JUnitReportReporter -->
<testsuite skipped="0" hostname="DESKTOP-AQG5QFB" name="testng.SimpleTest" tests="2" failures="0" timestamp="2020-02-15T08:58:39 CST" time="0.017" errors="0">
  <testcase name="testMethodsTwo" time="0.008" classname="testng.SimpleTest"/>
  <system-out/>
  <testcase name="testMethodsOne" time="0.009" classname="testng.SimpleTest"/>
  <system-out/>
</testsuite> <!-- testng.SimpleTest -->
